<?xml version="1.0" encoding="UTF-8" ?>
<testsuite errors="0" failures="2" hostname="LAPTOP-1EQM11OG" name="com.mycompany.behappy.FindTherapistManagerTest" skipped="0" tests="2" time="0.239" timestamp="2021-02-19T12:16:52">
  <properties>
[...]
</properties>
  <testcase classname="com.mycompany.behappy.FindTherapistManagerTest" name="testImportDatabase" time="0.124">
    <failure message="expected:&lt;null&gt; but was:&lt;[com.mycompany.behappy.Therapist@523884b2, com.mycompany.behappy.Therapist@5b275dab, com.mycompany.behappy.Therapist@61832929, com.mycompany.behappy.Therapist@29774679, com.mycompany.behappy.Therapist@3ffc5af1, com.mycompany.behappy.Therapist@5e5792a0, com.mycompany.behappy.Therapist@26653222, com.mycompany.behappy.Therapist@3532ec19, com.mycompany.behappy.Therapist@68c4039c, com.mycompany.behappy.Therapist@ae45eb6, com.mycompany.behappy.Therapist@59f99ea, com.mycompany.behappy.Therapist@27efef64, com.mycompany.behappy.Therapist@6f7fd0e6, com.mycompany.behappy.Therapist@47c62251, com.mycompany.behappy.Therapist@3e6fa38a, com.mycompany.behappy.Therapist@66a3ffec, com.mycompany.behappy.Therapist@77caeb3e, com.mycompany.behappy.Therapist@1e88b3c, com.mycompany.behappy.Therapist@42d80b78, com.mycompany.behappy.Therapist@3bfdc050, com.mycompany.behappy.Therapist@1bce4f0a, com.mycompany.behappy.Therapist@5e3a8624, com.mycompany.behappy.Therapist@5c3bd550, com.mycompany.behappy.Therapist@91161c7, com.mycompany.behappy.Therapist@604ed9f0, com.mycompany.behappy.Therapist@6a4f787b, com.mycompany.behappy.Therapist@685cb137, com.mycompany.behappy.Therapist@6a41eaa2, com.mycompany.behappy.Therapist@7cd62f43, com.mycompany.behappy.Therapist@6d4b1c02, com.mycompany.behappy.Therapist@6093dd95, com.mycompany.behappy.Therapist@5622fdf, com.mycompany.behappy.Therapist@4883b407, com.mycompany.behappy.Therapist@7d9d1a19, com.mycompany.behappy.Therapist@39c0f4a, com.mycompany.behappy.Therapist@1794d431, com.mycompany.behappy.Therapist@42e26948, com.mycompany.behappy.Therapist@57baeedf, com.mycompany.behappy.Therapist@343f4d3d, com.mycompany.behappy.Therapist@53b32d7, com.mycompany.behappy.Therapist@5442a311, com.mycompany.behappy.Therapist@548e7350, com.mycompany.behappy.Therapist@1a968a59, com.mycompany.behappy.Therapist@4667ae56, com.mycompany.behappy.Therapist@77cd7a0, com.mycompany.behappy.Therapist@204f30ec, com.mycompany.behappy.Therapist@e25b2fe, com.mycompany.behappy.Therapist@754ba872, com.mycompany.behappy.Therapist@146ba0ac, com.mycompany.behappy.Therapist@4dfa3a9d, com.mycompany.behappy.Therapist@6eebc39e, com.mycompany.behappy.Therapist@464bee09, com.mycompany.behappy.Therapist@f6c48ac, com.mycompany.behappy.Therapist@13deb50e, com.mycompany.behappy.Therapist@239963d8, com.mycompany.behappy.Therapist@3abbfa04, com.mycompany.behappy.Therapist@57fffcd7, com.mycompany.behappy.Therapist@31ef45e3, com.mycompany.behappy.Therapist@598067a5, com.mycompany.behappy.Therapist@3c0ecd4b, com.mycompany.behappy.Therapist@14bf9759, com.mycompany.behappy.Therapist@5f341870, com.mycompany.behappy.Therapist@553f17c, com.mycompany.behappy.Therapist@4f7d0008, com.mycompany.behappy.Therapist@271053e1, com.mycompany.behappy.Therapist@589838eb, com.mycompany.behappy.Therapist@42dafa95, com.mycompany.behappy.Therapist@6500df86, com.mycompany.behappy.Therapist@402a079c, com.mycompany.behappy.Therapist@59ec2012, com.mycompany.behappy.Therapist@4cf777e8, com.mycompany.behappy.Therapist@2f686d1f, com.mycompany.behappy.Therapist@3fee9989, com.mycompany.behappy.Therapist@73ad2d6, com.mycompany.behappy.Therapist@7085bdee, com.mycompany.behappy.Therapist@1ce92674, com.mycompany.behappy.Therapist@5700d6b1, com.mycompany.behappy.Therapist@6fd02e5, com.mycompany.behappy.Therapist@5bcab519, com.mycompany.behappy.Therapist@e45f292, com.mycompany.behappy.Therapist@5f2108b5, com.mycompany.behappy.Therapist@31a5c39e, com.mycompany.behappy.Therapist@3f49dace, com.mycompany.behappy.Therapist@1e397ed7, com.mycompany.behappy.Therapist@490ab905, com.mycompany.behappy.Therapist@56ac3a89, com.mycompany.behappy.Therapist@27c20538, com.mycompany.behappy.Therapist@72d818d1, com.mycompany.behappy.Therapist@6e06451e, com.mycompany.behappy.Therapist@59494225, com.mycompany.behappy.Therapist@6e1567f1, com.mycompany.behappy.Therapist@5cb9f472, com.mycompany.behappy.Therapist@cb644e, com.mycompany.behappy.Therapist@13805618, com.mycompany.behappy.Therapist@56ef9176, com.mycompany.behappy.Therapist@4566e5bd, com.mycompany.behappy.Therapist@1ed4004b, com.mycompany.behappy.Therapist@ff5b51f, com.mycompany.behappy.Therapist@25bbe1b6, com.mycompany.behappy.Therapist@5702b3b1, com.mycompany.behappy.Therapist@69ea3742, com.mycompany.behappy.Therapist@4b952a2d, com.mycompany.behappy.Therapist@3159c4b8, com.mycompany.behappy.Therapist@73846619, com.mycompany.behappy.Therapist@4bec1f0c, com.mycompany.behappy.Therapist@29ca901e, com.mycompany.behappy.Therapist@5649fd9b, com.mycompany.behappy.Therapist@6adede5, com.mycompany.behappy.Therapist@2d928643, com.mycompany.behappy.Therapist@5025a98f, com.mycompany.behappy.Therapist@49993335, com.mycompany.behappy.Therapist@20322d26, com.mycompany.behappy.Therapist@192b07fd, com.mycompany.behappy.Therapist@64bfbc86, com.mycompany.behappy.Therapist@64bf3bbf, com.mycompany.behappy.Therapist@55d56113, com.mycompany.behappy.Therapist@148080bb, com.mycompany.behappy.Therapist@dc24521, com.mycompany.behappy.Therapist@10bdf5e5, com.mycompany.behappy.Therapist@6e1ec318, com.mycompany.behappy.Therapist@7e0b0338, com.mycompany.behappy.Therapist@617faa95, com.mycompany.behappy.Therapist@1e127982, com.mycompany.behappy.Therapist@60c6f5b, com.mycompany.behappy.Therapist@2038ae61, com.mycompany.behappy.Therapist@3c0f93f1, com.mycompany.behappy.Therapist@31dc339b, com.mycompany.behappy.Therapist@544fe44c, com.mycompany.behappy.Therapist@31610302, com.mycompany.behappy.Therapist@71318ec4, com.mycompany.behappy.Therapist@21213b92, com.mycompany.behappy.Therapist@a67c67e, com.mycompany.behappy.Therapist@3327bd23, com.mycompany.behappy.Therapist@4e1d422d, com.mycompany.behappy.Therapist@66480dd7, com.mycompany.behappy.Therapist@52a86356, com.mycompany.behappy.Therapist@5ce81285, com.mycompany.behappy.Therapist@78c03f1f, com.mycompany.behappy.Therapist@5ec0a365, com.mycompany.behappy.Therapist@4fe3c938]&gt;" type="junit.framework.AssertionFailedError">junit.framework.AssertionFailedError: expected:&lt;null&gt; but was:&lt;[com.mycompany.behappy.Therapist@523884b2, com.mycompany.behappy.Therapist@5b275dab, com.mycompany.behappy.Therapist@61832929, com.mycompany.behappy.Therapist@29774679, com.mycompany.behappy.Therapist@3ffc5af1, com.mycompany.behappy.Therapist@5e5792a0, com.mycompany.behappy.Therapist@26653222, com.mycompany.behappy.Therapist@3532ec19, com.mycompany.behappy.Therapist@68c4039c, com.mycompany.behappy.Therapist@ae45eb6, com.mycompany.behappy.Therapist@59f99ea, com.mycompany.behappy.Therapist@27efef64, com.mycompany.behappy.Therapist@6f7fd0e6, com.mycompany.behappy.Therapist@47c62251, com.mycompany.behappy.Therapist@3e6fa38a, com.mycompany.behappy.Therapist@66a3ffec, com.mycompany.behappy.Therapist@77caeb3e, com.mycompany.behappy.Therapist@1e88b3c, com.mycompany.behappy.Therapist@42d80b78, com.mycompany.behappy.Therapist@3bfdc050, com.mycompany.behappy.Therapist@1bce4f0a, com.mycompany.behappy.Therapist@5e3a8624, com.mycompany.behappy.Therapist@5c3bd550, com.mycompany.behappy.Therapist@91161c7, com.mycompany.behappy.Therapist@604ed9f0, com.mycompany.behappy.Therapist@6a4f787b, com.mycompany.behappy.Therapist@685cb137, com.mycompany.behappy.Therapist@6a41eaa2, com.mycompany.behappy.Therapist@7cd62f43, com.mycompany.behappy.Therapist@6d4b1c02, com.mycompany.behappy.Therapist@6093dd95, com.mycompany.behappy.Therapist@5622fdf, com.mycompany.behappy.Therapist@4883b407, com.mycompany.behappy.Therapist@7d9d1a19, com.mycompany.behappy.Therapist@39c0f4a, com.mycompany.behappy.Therapist@1794d431, com.mycompany.behappy.Therapist@42e26948, com.mycompany.behappy.Therapist@57baeedf, com.mycompany.behappy.Therapist@343f4d3d, com.mycompany.behappy.Therapist@53b32d7, com.mycompany.behappy.Therapist@5442a311, com.mycompany.behappy.Therapist@548e7350, com.mycompany.behappy.Therapist@1a968a59, com.mycompany.behappy.Therapist@4667ae56, com.mycompany.behappy.Therapist@77cd7a0, com.mycompany.behappy.Therapist@204f30ec, com.mycompany.behappy.Therapist@e25b2fe, com.mycompany.behappy.Therapist@754ba872, com.mycompany.behappy.Therapist@146ba0ac, com.mycompany.behappy.Therapist@4dfa3a9d, com.mycompany.behappy.Therapist@6eebc39e, com.mycompany.behappy.Therapist@464bee09, com.mycompany.behappy.Therapist@f6c48ac, com.mycompany.behappy.Therapist@13deb50e, com.mycompany.behappy.Therapist@239963d8, com.mycompany.behappy.Therapist@3abbfa04, com.mycompany.behappy.Therapist@57fffcd7, com.mycompany.behappy.Therapist@31ef45e3, com.mycompany.behappy.Therapist@598067a5, com.mycompany.behappy.Therapist@3c0ecd4b, com.mycompany.behappy.Therapist@14bf9759, com.mycompany.behappy.Therapist@5f341870, com.mycompany.behappy.Therapist@553f17c, com.mycompany.behappy.Therapist@4f7d0008, com.mycompany.behappy.Therapist@271053e1, com.mycompany.behappy.Therapist@589838eb, com.mycompany.behappy.Therapist@42dafa95, com.mycompany.behappy.Therapist@6500df86, com.mycompany.behappy.Therapist@402a079c, com.mycompany.behappy.Therapist@59ec2012, com.mycompany.behappy.Therapist@4cf777e8, com.mycompany.behappy.Therapist@2f686d1f, com.mycompany.behappy.Therapist@3fee9989, com.mycompany.behappy.Therapist@73ad2d6, com.mycompany.behappy.Therapist@7085bdee, com.mycompany.behappy.Therapist@1ce92674, com.mycompany.behappy.Therapist@5700d6b1, com.mycompany.behappy.Therapist@6fd02e5, com.mycompany.behappy.Therapist@5bcab519, com.mycompany.behappy.Therapist@e45f292, com.mycompany.behappy.Therapist@5f2108b5, com.mycompany.behappy.Therapist@31a5c39e, com.mycompany.behappy.Therapist@3f49dace, com.mycompany.behappy.Therapist@1e397ed7, com.mycompany.behappy.Therapist@490ab905, com.mycompany.behappy.Therapist@56ac3a89, com.mycompany.behappy.Therapist@27c20538, com.mycompany.behappy.Therapist@72d818d1, com.mycompany.behappy.Therapist@6e06451e, com.mycompany.behappy.Therapist@59494225, com.mycompany.behappy.Therapist@6e1567f1, com.mycompany.behappy.Therapist@5cb9f472, com.mycompany.behappy.Therapist@cb644e, com.mycompany.behappy.Therapist@13805618, com.mycompany.behappy.Therapist@56ef9176, com.mycompany.behappy.Therapist@4566e5bd, com.mycompany.behappy.Therapist@1ed4004b, com.mycompany.behappy.Therapist@ff5b51f, com.mycompany.behappy.Therapist@25bbe1b6, com.mycompany.behappy.Therapist@5702b3b1, com.mycompany.behappy.Therapist@69ea3742, com.mycompany.behappy.Therapist@4b952a2d, com.mycompany.behappy.Therapist@3159c4b8, com.mycompany.behappy.Therapist@73846619, com.mycompany.behappy.Therapist@4bec1f0c, com.mycompany.behappy.Therapist@29ca901e, com.mycompany.behappy.Therapist@5649fd9b, com.mycompany.behappy.Therapist@6adede5, com.mycompany.behappy.Therapist@2d928643, com.mycompany.behappy.Therapist@5025a98f, com.mycompany.behappy.Therapist@49993335, com.mycompany.behappy.Therapist@20322d26, com.mycompany.behappy.Therapist@192b07fd, com.mycompany.behappy.Therapist@64bfbc86, com.mycompany.behappy.Therapist@64bf3bbf, com.mycompany.behappy.Therapist@55d56113, com.mycompany.behappy.Therapist@148080bb, com.mycompany.behappy.Therapist@dc24521, com.mycompany.behappy.Therapist@10bdf5e5, com.mycompany.behappy.Therapist@6e1ec318, com.mycompany.behappy.Therapist@7e0b0338, com.mycompany.behappy.Therapist@617faa95, com.mycompany.behappy.Therapist@1e127982, com.mycompany.behappy.Therapist@60c6f5b, com.mycompany.behappy.Therapist@2038ae61, com.mycompany.behappy.Therapist@3c0f93f1, com.mycompany.behappy.Therapist@31dc339b, com.mycompany.behappy.Therapist@544fe44c, com.mycompany.behappy.Therapist@31610302, com.mycompany.behappy.Therapist@71318ec4, com.mycompany.behappy.Therapist@21213b92, com.mycompany.behappy.Therapist@a67c67e, com.mycompany.behappy.Therapist@3327bd23, com.mycompany.behappy.Therapist@4e1d422d, com.mycompany.behappy.Therapist@66480dd7, com.mycompany.behappy.Therapist@52a86356, com.mycompany.behappy.Therapist@5ce81285, com.mycompany.behappy.Therapist@78c03f1f, com.mycompany.behappy.Therapist@5ec0a365, com.mycompany.behappy.Therapist@4fe3c938]&gt;
	at com.mycompany.behappy.FindTherapistManagerTest.testImportDatabase(FindTherapistManagerTest.java:49)
	at java.base/jdk.internal.reflect.NativeMethodAccessorImpl.invoke0(Native Method)
	at java.base/jdk.internal.reflect.NativeMethodAccessorImpl.invoke(NativeMethodAccessorImpl.java:62)
	at java.base/jdk.internal.reflect.DelegatingMethodAccessorImpl.invoke(DelegatingMethodAccessorImpl.java:43)
</failure>
  </testcase>
  <testcase classname="com.mycompany.behappy.FindTherapistManagerTest" name="testRecommend" time="0.006">
    <failure message="expected:&lt;null&gt; but was:&lt;[]&gt;" type="junit.framework.AssertionFailedError">junit.framework.AssertionFailedError: expected:&lt;null&gt; but was:&lt;[]&gt;
	at com.mycompany.behappy.FindTherapistManagerTest.testRecommend(FindTherapistManagerTest.java:65)
	at java.base/jdk.internal.reflect.NativeMethodAccessorImpl.invoke0(Native Method)
	at java.base/jdk.internal.reflect.NativeMethodAccessorImpl.invoke(NativeMethodAccessorImpl.java:62)
	at java.base/jdk.internal.reflect.DelegatingMethodAccessorImpl.invoke(DelegatingMethodAccessorImpl.java:43)
</failure>
  </testcase>
  <system-out><![CDATA[importDatabase
recommend
]]></system-out>
  <system-err><![CDATA[]]></system-err>
</testsuite>
