<?xml version="1.0" encoding="UTF-8" ?>
<testsuite errors="0" failures="0" hostname="LAPTOP-1EQM11OG" name="com.mycompany.behappy.StartManagerTest" skipped="0" tests="2" time="0.201" timestamp="2021-02-19T10:51:32">
  <properties>
[...]
</properties>
  <testcase classname="com.mycompany.behappy.StartManagerTest" name="testGenerateRandomString" time="0.011" />
  <testcase classname="com.mycompany.behappy.StartManagerTest" name="testImportDatabase" time="0.001" />
  <system-out><![CDATA[generateRandomString
importDatabase
]]></system-out>
  <system-err><![CDATA[]]></system-err>
</testsuite>
